[INFO ] 2021-03-30 08:56:28.411 [main] ExcelHelper - testing for hero images
[INFO ] 2021-03-30 08:56:28.661 [main] HomePageTest - Home Page images got asserted:
[INFO ] 2021-03-30 08:56:29.298 [main] HomePageTest - calling getexceldata
[INFO ] 2021-03-30 08:56:29.298 [main] ExcelHelper - test
[INFO ] 2021-03-30 08:56:29.298 [main] ExcelHelper - Test
[INFO ] 2021-03-30 08:56:29.299 [main] ExcelHelper - Book2.xlsx
[INFO ] 2021-03-30 08:56:29.299 [main] ExcelHelper - Sheet1
[INFO ] 2021-03-30 08:56:30.803 [main] ExcelHelper - Test1
[INFO ] 2021-03-30 08:56:30.804 [main] ExcelHelper - Name: /xl/workbook.xml - Content Type: application/vnd.openxmlformats-officedocument.spreadsheetml.sheet.main+xml
[INFO ] 2021-03-30 08:56:30.806 [main] ExcelHelper - total rows:2
[INFO ] 2021-03-30 08:56:30.806 [main] ExcelHelper - rowsindex is 2
[INFO ] 2021-03-30 08:56:30.806 [main] ExcelHelper - value of is1
[INFO ] 2021-03-30 08:56:30.807 [main] ExcelHelper - total cols:2
[INFO ] 2021-03-30 08:56:30.810 [main] ExcelHelper - rowsindex is 2
[INFO ] 2021-03-30 08:56:30.811 [main] ExcelHelper - value of is2
[INFO ] 2021-03-30 08:56:30.811 [main] ExcelHelper - total cols:2
[INFO ] 2021-03-30 09:09:17.734 [main] ExcelHelper - testing for hero images
[INFO ] 2021-03-30 09:09:17.765 [main] HomePageTest - Home Page images got asserted:
[INFO ] 2021-03-30 09:09:18.435 [main] HomePageTest - calling getexceldata
[INFO ] 2021-03-30 09:09:18.436 [main] ExcelHelper - test
[INFO ] 2021-03-30 09:09:18.436 [main] ExcelHelper - Test
[INFO ] 2021-03-30 09:09:18.436 [main] ExcelHelper - Book2.xlsx
[INFO ] 2021-03-30 09:09:18.437 [main] ExcelHelper - Sheet1
[INFO ] 2021-03-30 09:09:18.917 [main] ExcelHelper - Test1
[INFO ] 2021-03-30 09:09:18.918 [main] ExcelHelper - Name: /xl/workbook.xml - Content Type: application/vnd.openxmlformats-officedocument.spreadsheetml.sheet.main+xml
[INFO ] 2021-03-30 09:09:18.919 [main] ExcelHelper - total rows:2
[INFO ] 2021-03-30 09:09:18.919 [main] ExcelHelper - rowsindex is 2
[INFO ] 2021-03-30 09:09:18.919 [main] ExcelHelper - value of is1
[INFO ] 2021-03-30 09:09:18.919 [main] ExcelHelper - total cols:2
[INFO ] 2021-03-30 09:09:18.923 [main] ExcelHelper - rowsindex is 2
[INFO ] 2021-03-30 09:09:18.923 [main] ExcelHelper - value of is2
[INFO ] 2021-03-30 09:09:18.923 [main] ExcelHelper - total cols:2
[INFO ] 2021-03-30 09:09:34.859 [main] HomePageTest - Search Page Title retrieved
[INFO ] 2021-03-30 09:09:54.482 [main] HomePageTest - Search Page Title retrieved
